[30-Mar-2021 16:01:53 +0200]: <e903e4e2> In migration: 0000-dbinit
[30-Mar-2021 16:01:53 +0200]: <e903e4e2> Found 7 matches
[30-Mar-2021 16:01:53 +0200]: <e903e4e2> In migration: 0000-sample
[30-Mar-2021 16:01:53 +0200]: <e903e4e2> Found 1 matches
[30-Mar-2021 16:01:53 +0200]: <e903e4e2> In migration: 0001-categories
[30-Mar-2021 16:01:53 +0200]: <e903e4e2> Found 1 matches
[30-Mar-2021 16:01:53 +0200]: <e903e4e2> In migration: 0002-increasetextfieldlengths
[30-Mar-2021 16:01:53 +0200]: <e903e4e2> Found 7 matches
[30-Mar-2021 16:01:53 +0200]: <e903e4e2> In migration: 0003-fixtimestampdefaultvalue
[30-Mar-2021 16:01:53 +0200]: <e903e4e2> Found 1 matches
[30-Mar-2021 16:01:53 +0200]: <e903e4e2> In migration: 0004-fixtimestampdefaultvalue
[30-Mar-2021 16:01:53 +0200]: <e903e4e2> Found 1 matches
[30-Mar-2021 16:01:53 +0200]: <e903e4e2> In migration: 0005-changemysqlut8toutf8mb4
[30-Mar-2021 16:01:53 +0200]: <e903e4e2> Found 1 matches
[30-Mar-2021 16:02:21 +0200]: <881b5cd6> In migration: 0000-dbinit
[30-Mar-2021 16:02:21 +0200]: <881b5cd6> Found 7 matches
[30-Mar-2021 16:02:21 +0200]: <881b5cd6> In migration: 0000-sample
[30-Mar-2021 16:02:21 +0200]: <881b5cd6> Found 1 matches
[30-Mar-2021 16:02:21 +0200]: <881b5cd6> In migration: 0001-categories
[30-Mar-2021 16:02:21 +0200]: <881b5cd6> Found 1 matches
[30-Mar-2021 16:02:21 +0200]: <881b5cd6> In migration: 0002-increasetextfieldlengths
[30-Mar-2021 16:02:21 +0200]: <881b5cd6> Found 7 matches
[30-Mar-2021 16:02:21 +0200]: <881b5cd6> In migration: 0003-fixtimestampdefaultvalue
[30-Mar-2021 16:02:21 +0200]: <881b5cd6> Found 1 matches
[30-Mar-2021 16:02:21 +0200]: <881b5cd6> In migration: 0004-fixtimestampdefaultvalue
[30-Mar-2021 16:02:21 +0200]: <881b5cd6> Found 1 matches
[30-Mar-2021 16:02:21 +0200]: <881b5cd6> In migration: 0005-changemysqlut8toutf8mb4
[30-Mar-2021 16:02:21 +0200]: <881b5cd6> Found 1 matches
